<?xml version="1.0" encoding="UTF-8"?>
<!-- Generated by org.testng.reporters.JUnitXMLReporter -->
<testsuite ignored="0" hostname="DESKTOP-F9G86R8" failures="1" tests="18" name="Test" time="56.064" errors="0" timestamp="2025-03-27T10:06:28 IST">
  <testcase classname="org.project.Seleniumtestngproject.Testclassthree" name="downloadAndValidation" time="7.905"/>
  <testcase classname="org.project.Seleniumtestngproject.Testclassone" name="brokenLink" time="8.052"/>
  <testcase classname="org.project.Seleniumtestngproject.Testclasstwo" name="checkBox" time="9.228"/>
  <testcase classname="org.project.Seleniumtestngproject.Testclasstwo" name="numberOfFramesInWebpage" time="6.279"/>
  <testcase classname="org.project.Seleniumtestngproject.Testclassone" name="screenShot" time="7.946"/>
  <testcase classname="org.project.Seleniumtestngproject.Testclasstwo" name="seleniumIframes" time="5.598"/>
  <testcase classname="org.project.Seleniumtestngproject.Testclassone" name="scrollaWebPage" time="6.014"/>
  <testcase classname="org.project.Seleniumtestngproject.Testclassthree" name="explicitWait" time="16.258"/>
  <testcase classname="org.project.Seleniumtestngproject.Testclasstwo" name="seleniumRadioButtons" time="5.461"/>
  <testcase classname="org.project.Seleniumtestngproject.Testclassone" name="seleniumAlerts" time="6.413"/>
  <testcase classname="org.project.Seleniumtestngproject.Testclassone" name="seleniumDropDown" time="9.386"/>
  <testcase classname="org.project.Seleniumtestngproject.Testclassthree" name="hyperLinks" time="14.097"/>
  <testcase classname="org.project.Seleniumtestngproject.Testclasstwo" name="windowHandlesExercise" time="12.892"/>
  <testcase classname="org.project.Seleniumtestngproject.Testclassone" name="seleniumPromptAlerts" time="8.99"/>
  <testcase classname="org.project.Seleniumtestngproject.Testclassthree" name="textBox" time="10.543">
    <failure type="org.openqa.selenium.StaleElementReferenceException" message="stale element reference: stale element not found
  (Session info: chrome=123.0.6312.86)
For documentation on this error, please visit: https://www.selenium.dev/documentation/webdriver/troubleshooting/errors#stale-element-reference-exception
Build info: version: &amp;apos;4.19.1&amp;apos;, revision: &amp;apos;abe0ee07dc&amp;apos;
System info: os.name: &amp;apos;Windows 10&amp;apos;, os.arch: &amp;apos;amd64&amp;apos;, os.version: &amp;apos;10.0&amp;apos;, java.version: &amp;apos;17.0.8.1&amp;apos;
Driver info: org.openqa.selenium.chrome.ChromeDriver
Command: [e8dd0982e28daf68f3c025dbf4f38a89, sendKeysToElement {value=[Ljava.lang.CharSequence;@354160f4, id=f.16B4FB5E17E33094D0420A69ACC80FD0.d.BC94104619FFDC4603B771423D3449A3.e.45}]
Capabilities {acceptInsecureCerts: false, browserName: chrome, browserVersion: 123.0.6312.86, chrome: {chromedriverVersion: 123.0.6312.122 (31f8248cdd9..., userDataDir: C:\Users\DELL\AppData\Local...}, fedcm:accounts: true, goog:chromeOptions: {debuggerAddress: localhost:65253}, networkConnectionEnabled: false, pageLoadStrategy: normal, platformName: windows, proxy: Proxy(), se:cdp: ws://localhost:65253/devtoo..., se:cdpVersion: 123.0.6312.86, setWindowRect: true, strictFileInteractability: false, timeouts: {implicit: 0, pageLoad: 300000, script: 30000}, unhandledPromptBehavior: dismiss and notify, webauthn:extension:credBlob: true, webauthn:extension:largeBlob: true, webauthn:extension:minPinLength: true, webauthn:extension:prf: true, webauthn:virtualAuthenticators: true}
Element: [[ChromeDriver: chrome on windows (e8dd0982e28daf68f3c025dbf4f38a89)] -&amp;gt; id: j_idt88:j_idt91]
Session ID: e8dd0982e28daf68f3c025dbf4f38a89">
      <![CDATA[org.openqa.selenium.StaleElementReferenceException: stale element reference: stale element not found
  (Session info: chrome=123.0.6312.86)
For documentation on this error, please visit: https://www.selenium.dev/documentation/webdriver/troubleshooting/errors#stale-element-reference-exception
Build info: version: '4.19.1', revision: 'abe0ee07dc'
System info: os.name: 'Windows 10', os.arch: 'amd64', os.version: '10.0', java.version: '17.0.8.1'
Driver info: org.openqa.selenium.chrome.ChromeDriver
Command: [e8dd0982e28daf68f3c025dbf4f38a89, sendKeysToElement {value=[Ljava.lang.CharSequence;@354160f4, id=f.16B4FB5E17E33094D0420A69ACC80FD0.d.BC94104619FFDC4603B771423D3449A3.e.45}]
Capabilities {acceptInsecureCerts: false, browserName: chrome, browserVersion: 123.0.6312.86, chrome: {chromedriverVersion: 123.0.6312.122 (31f8248cdd9..., userDataDir: C:\Users\DELL\AppData\Local...}, fedcm:accounts: true, goog:chromeOptions: {debuggerAddress: localhost:65253}, networkConnectionEnabled: false, pageLoadStrategy: normal, platformName: windows, proxy: Proxy(), se:cdp: ws://localhost:65253/devtoo..., se:cdpVersion: 123.0.6312.86, setWindowRect: true, strictFileInteractability: false, timeouts: {implicit: 0, pageLoad: 300000, script: 30000}, unhandledPromptBehavior: dismiss and notify, webauthn:extension:credBlob: true, webauthn:extension:largeBlob: true, webauthn:extension:minPinLength: true, webauthn:extension:prf: true, webauthn:virtualAuthenticators: true}
Element: [[ChromeDriver: chrome on windows (e8dd0982e28daf68f3c025dbf4f38a89)] -> id: j_idt88:j_idt91]
Session ID: e8dd0982e28daf68f3c025dbf4f38a89
at org.openqa.selenium.remote.ErrorCodec.decode(ErrorCodec.java:167)
at org.openqa.selenium.remote.codec.w3c.W3CHttpResponseCodec.decode(W3CHttpResponseCodec.java:138)
at org.openqa.selenium.remote.codec.w3c.W3CHttpResponseCodec.decode(W3CHttpResponseCodec.java:50)
at org.openqa.selenium.remote.HttpCommandExecutor.execute(HttpCommandExecutor.java:190)
at org.openqa.selenium.remote.service.DriverCommandExecutor.invokeExecute(DriverCommandExecutor.java:216)
at org.openqa.selenium.remote.service.DriverCommandExecutor.execute(DriverCommandExecutor.java:174)
at org.openqa.selenium.remote.RemoteWebDriver.execute(RemoteWebDriver.java:518)
at org.openqa.selenium.remote.RemoteWebElement.execute(RemoteWebElement.java:223)
at org.openqa.selenium.remote.RemoteWebElement.sendKeys(RemoteWebElement.java:110)
at org.openqa.selenium.support.pagefactory.internal.LocatingElementHandler.invoke(LocatingElementHandler.java:51)
at jdk.proxy2/jdk.proxy2.$Proxy11.sendKeys(Unknown Source)
at org.project.Seleniumtestngproject.Testclassthree.textBox(Testclassthree.java:29)
at java.base/java.util.concurrent.ThreadPoolExecutor.runWorker(ThreadPoolExecutor.java:1136)
at java.base/java.util.concurrent.ThreadPoolExecutor$Worker.run(ThreadPoolExecutor.java:635)
at java.base/java.lang.Thread.run(Thread.java:833)
... Removed 21 stack frames]]>
    </failure>
  </testcase> <!-- textBox -->
  <testcase classname="org.project.Seleniumtestngproject.Testclasstwo" name="windowHandlesExercisetwo" time="10.087"/>
  <testcase classname="org.project.Seleniumtestngproject.Testclassthree" name="uploadOperation" time="4.583"/>
  <testcase classname="org.project.Seleniumtestngproject.Testclassone" name="waysToReloadWebPage" time="9.201"/>
</testsuite> <!-- Test -->
