<html>
<head>
<title>TestNG:  Test</title>
<link href="../testng.css" rel="stylesheet" type="text/css" />
<link href="../my-testng.css" rel="stylesheet" type="text/css" />

<style type="text/css">
.log { display: none;} 
.stack-trace { display: none;} 
</style>
<script type="text/javascript">
<!--
function flip(e) {
  current = e.style.display;
  if (current == 'block') {
    e.style.display = 'none';
    return 0;
  }
  else {
    e.style.display = 'block';
    return 1;
  }
}

function toggleBox(szDivId, elem, msg1, msg2)
{
  var res = -1;  if (document.getElementById) {
    res = flip(document.getElementById(szDivId));
  }
  else if (document.all) {
    // this is the way old msie versions work
    res = flip(document.all[szDivId]);
  }
  if(elem) {
    if(res == 0) elem.innerHTML = msg1; else elem.innerHTML = msg2;
  }

}

function toggleAllBoxes() {
  if (document.getElementsByTagName) {
    d = document.getElementsByTagName('div');
    for (i = 0; i < d.length; i++) {
      if (d[i].className == 'log') {
        flip(d[i]);
      }
    }
  }
}

// -->
</script>

</head>
<body>
<h2 align='center'>Test</h2><table border='1' align="center">
<tr>
<td>Tests passed/Failed/Skipped:</td><td>17/1/0</td>
</tr><tr>
<td>Started on:</td><td>Thu Mar 27 10:05:32 IST 2025</td>
</tr>
<tr><td>Total time:</td><td>56 seconds (56064 ms)</td>
</tr><tr>
<td>Included groups:</td><td></td>
</tr><tr>
<td>Excluded groups:</td><td></td>
</tr>
</table><p/>
<small><i>(Hover the method name to see the test class name)</i></small><p/>
<table width='100%' border='1' class='invocation-failed'>
<tr><td colspan='4' align='center'><b>FAILED TESTS</b></td></tr>
<tr><td><b>Test method</b></td>
<td width="30%"><b>Exception</b></td>
<td width="10%"><b>Time (seconds)</b></td>
<td><b>Instance</b></td>
</tr>
<tr>
<td title='org.project.Seleniumtestngproject.Testclassthree.textBox()'><b>textBox</b><br>Test class: org.project.Seleniumtestngproject.Testclassthree</td>
<td><div><pre>org.openqa.selenium.StaleElementReferenceException: stale element reference: stale element not found
  (Session info: chrome=123.0.6312.86)
For documentation on this error, please visit: https://www.selenium.dev/documentation/webdriver/troubleshooting/errors#stale-element-reference-exception
Build info: version: &apos;4.19.1&apos;, revision: &apos;abe0ee07dc&apos;
System info: os.name: &apos;Windows 10&apos;, os.arch: &apos;amd64&apos;, os.version: &apos;10.0&apos;, java.version: &apos;17.0.8.1&apos;
Driver info: org.openqa.selenium.chrome.ChromeDriver
Command: [e8dd0982e28daf68f3c025dbf4f38a89, sendKeysToElement {value=[Ljava.lang.CharSequence;@354160f4, id=f.16B4FB5E17E33094D0420A69ACC80FD0.d.BC94104619FFDC4603B771423D3449A3.e.45}]
Capabilities {acceptInsecureCerts: false, browserName: chrome, browserVersion: 123.0.6312.86, chrome: {chromedriverVersion: 123.0.6312.122 (31f8248cdd9..., userDataDir: C:\Users\DELL\AppData\Local...}, fedcm:accounts: true, goog:chromeOptions: {debuggerAddress: localhost:65253}, networkConnectionEnabled: false, pageLoadStrategy: normal, platformName: windows, proxy: Proxy(), se:cdp: ws://localhost:65253/devtoo..., se:cdpVersion: 123.0.6312.86, setWindowRect: true, strictFileInteractability: false, timeouts: {implicit: 0, pageLoad: 300000, script: 30000}, unhandledPromptBehavior: dismiss and notify, webauthn:extension:credBlob: true, webauthn:extension:largeBlob: true, webauthn:extension:minPinLength: true, webauthn:extension:prf: true, webauthn:virtualAuthenticators: true}
Element: [[ChromeDriver: chrome on windows (e8dd0982e28daf68f3c025dbf4f38a89)] -&gt; id: j_idt88:j_idt91]
Session ID: e8dd0982e28daf68f3c025dbf4f38a89
	at org.openqa.selenium.remote.ErrorCodec.decode(ErrorCodec.java:167)
	at org.openqa.selenium.remote.codec.w3c.W3CHttpResponseCodec.decode(W3CHttpResponseCodec.java:138)
	at org.openqa.selenium.remote.codec.w3c.W3CHttpResponseCodec.decode(W3CHttpResponseCodec.java:50)
	at org.openqa.selenium.remote.HttpCommandExecutor.execute(HttpCommandExecutor.java:190)
	at org.openqa.selenium.remote.service.DriverCommandExecutor.invokeExecute(DriverCommandExecutor.java:216)
	at org.openqa.selenium.remote.service.DriverCommandExecutor.execute(DriverCommandExecutor.java:174)
	at org.openqa.selenium.remote.RemoteWebDriver.execute(RemoteWebDriver.java:518)
	at org.openqa.selenium.remote.RemoteWebElement.execute(RemoteWebElement.java:223)
	at org.openqa.selenium.remote.RemoteWebElement.sendKeys(RemoteWebElement.java:110)
	at org.openqa.selenium.support.pagefactory.internal.LocatingElementHandler.invoke(LocatingElementHandler.java:51)
	at jdk.proxy2/jdk.proxy2.$Proxy11.sendKeys(Unknown Source)
	at org.project.Seleniumtestngproject.Testclassthree.textBox(Testclassthree.java:29)
	at java.base/java.util.concurrent.ThreadPoolExecutor.runWorker(ThreadPoolExecutor.java:1136)
	at java.base/java.util.concurrent.ThreadPoolExecutor$Worker.run(ThreadPoolExecutor.java:635)
	at java.base/java.lang.Thread.run(Thread.java:833)
... Removed 21 stack frames</pre></div><a href='#' onClick='toggleBox("stack-trace962211883", this, "Click to show all stack frames", "Click to hide stack frames")'>Click to show all stack frames</a>
<div class='stack-trace' id='stack-trace962211883'><pre>org.openqa.selenium.StaleElementReferenceException: stale element reference: stale element not found
  (Session info: chrome=123.0.6312.86)
For documentation on this error, please visit: https://www.selenium.dev/documentation/webdriver/troubleshooting/errors#stale-element-reference-exception
Build info: version: &apos;4.19.1&apos;, revision: &apos;abe0ee07dc&apos;
System info: os.name: &apos;Windows 10&apos;, os.arch: &apos;amd64&apos;, os.version: &apos;10.0&apos;, java.version: &apos;17.0.8.1&apos;
Driver info: org.openqa.selenium.chrome.ChromeDriver
Command: [e8dd0982e28daf68f3c025dbf4f38a89, sendKeysToElement {value=[Ljava.lang.CharSequence;@354160f4, id=f.16B4FB5E17E33094D0420A69ACC80FD0.d.BC94104619FFDC4603B771423D3449A3.e.45}]
Capabilities {acceptInsecureCerts: false, browserName: chrome, browserVersion: 123.0.6312.86, chrome: {chromedriverVersion: 123.0.6312.122 (31f8248cdd9..., userDataDir: C:\Users\DELL\AppData\Local...}, fedcm:accounts: true, goog:chromeOptions: {debuggerAddress: localhost:65253}, networkConnectionEnabled: false, pageLoadStrategy: normal, platformName: windows, proxy: Proxy(), se:cdp: ws://localhost:65253/devtoo..., se:cdpVersion: 123.0.6312.86, setWindowRect: true, strictFileInteractability: false, timeouts: {implicit: 0, pageLoad: 300000, script: 30000}, unhandledPromptBehavior: dismiss and notify, webauthn:extension:credBlob: true, webauthn:extension:largeBlob: true, webauthn:extension:minPinLength: true, webauthn:extension:prf: true, webauthn:virtualAuthenticators: true}
Element: [[ChromeDriver: chrome on windows (e8dd0982e28daf68f3c025dbf4f38a89)] -&gt; id: j_idt88:j_idt91]
Session ID: e8dd0982e28daf68f3c025dbf4f38a89
	at java.base/jdk.internal.reflect.NativeConstructorAccessorImpl.newInstance0(Native Method)
	at java.base/jdk.internal.reflect.NativeConstructorAccessorImpl.newInstance(NativeConstructorAccessorImpl.java:77)
	at java.base/jdk.internal.reflect.DelegatingConstructorAccessorImpl.newInstance(DelegatingConstructorAccessorImpl.java:45)
	at java.base/java.lang.reflect.Constructor.newInstanceWithCaller(Constructor.java:499)
	at java.base/java.lang.reflect.Constructor.newInstance(Constructor.java:480)
	at org.openqa.selenium.remote.ErrorCodec.decode(ErrorCodec.java:167)
	at org.openqa.selenium.remote.codec.w3c.W3CHttpResponseCodec.decode(W3CHttpResponseCodec.java:138)
	at org.openqa.selenium.remote.codec.w3c.W3CHttpResponseCodec.decode(W3CHttpResponseCodec.java:50)
	at org.openqa.selenium.remote.HttpCommandExecutor.execute(HttpCommandExecutor.java:190)
	at org.openqa.selenium.remote.service.DriverCommandExecutor.invokeExecute(DriverCommandExecutor.java:216)
	at org.openqa.selenium.remote.service.DriverCommandExecutor.execute(DriverCommandExecutor.java:174)
	at org.openqa.selenium.remote.RemoteWebDriver.execute(RemoteWebDriver.java:518)
	at org.openqa.selenium.remote.RemoteWebElement.execute(RemoteWebElement.java:223)
	at org.openqa.selenium.remote.RemoteWebElement.sendKeys(RemoteWebElement.java:110)
	at java.base/jdk.internal.reflect.NativeMethodAccessorImpl.invoke0(Native Method)
	at java.base/jdk.internal.reflect.NativeMethodAccessorImpl.invoke(NativeMethodAccessorImpl.java:77)
	at java.base/jdk.internal.reflect.DelegatingMethodAccessorImpl.invoke(DelegatingMethodAccessorImpl.java:43)
	at java.base/java.lang.reflect.Method.invoke(Method.java:568)
	at org.openqa.selenium.support.pagefactory.internal.LocatingElementHandler.invoke(LocatingElementHandler.java:51)
	at jdk.proxy2/jdk.proxy2.$Proxy11.sendKeys(Unknown Source)
	at org.project.Seleniumtestngproject.Testclassthree.textBox(Testclassthree.java:29)
	at java.base/jdk.internal.reflect.NativeMethodAccessorImpl.invoke0(Native Method)
	at java.base/jdk.internal.reflect.NativeMethodAccessorImpl.invoke(NativeMethodAccessorImpl.java:77)
	at java.base/jdk.internal.reflect.DelegatingMethodAccessorImpl.invoke(DelegatingMethodAccessorImpl.java:43)
	at java.base/java.lang.reflect.Method.invoke(Method.java:568)
	at org.testng.internal.MethodInvocationHelper.invokeMethod(MethodInvocationHelper.java:133)
	at org.testng.internal.TestInvoker.invokeMethod(TestInvoker.java:598)
	at org.testng.internal.TestInvoker.invokeTestMethod(TestInvoker.java:173)
	at org.testng.internal.MethodRunner.runInSequence(MethodRunner.java:46)
	at org.testng.internal.TestInvoker$MethodInvocationAgent.invoke(TestInvoker.java:824)
	at org.testng.internal.TestInvoker.invokeTestMethods(TestInvoker.java:146)
	at org.testng.internal.TestMethodWorker.invokeTestMethods(TestMethodWorker.java:146)
	at org.testng.internal.TestMethodWorker.run(TestMethodWorker.java:128)
	at java.base/java.util.concurrent.ThreadPoolExecutor.runWorker(ThreadPoolExecutor.java:1136)
	at java.base/java.util.concurrent.ThreadPoolExecutor$Worker.run(ThreadPoolExecutor.java:635)
	at java.base/java.lang.Thread.run(Thread.java:833)
</pre></div></td>
<td>10</td>
<td>org.project.Seleniumtestngproject.Testclassthree@4efc180e</td></tr>
</table><p>
<table width='100%' border='1' class='invocation-passed'>
<tr><td colspan='4' align='center'><b>PASSED TESTS</b></td></tr>
<tr><td><b>Test method</b></td>
<td width="30%"><b>Exception</b></td>
<td width="10%"><b>Time (seconds)</b></td>
<td><b>Instance</b></td>
</tr>
<tr>
<td title='org.project.Seleniumtestngproject.Testclassone.seleniumAlerts()'><b>seleniumAlerts</b><br>Test class: org.project.Seleniumtestngproject.Testclassone</td>
<td></td>
<td>6</td>
<td>org.project.Seleniumtestngproject.Testclassone@1a18644</td></tr>
<tr>
<td title='org.project.Seleniumtestngproject.Testclassone.brokenLink()'><b>brokenLink</b><br>Test class: org.project.Seleniumtestngproject.Testclassone</td>
<td></td>
<td>8</td>
<td>org.project.Seleniumtestngproject.Testclassone@1a18644</td></tr>
<tr>
<td title='org.project.Seleniumtestngproject.Testclassthree.downloadAndValidation()'><b>downloadAndValidation</b><br>Test class: org.project.Seleniumtestngproject.Testclassthree</td>
<td></td>
<td>7</td>
<td>org.project.Seleniumtestngproject.Testclassthree@4efc180e</td></tr>
<tr>
<td title='org.project.Seleniumtestngproject.Testclasstwo.numberOfFramesInWebpage()'><b>numberOfFramesInWebpage</b><br>Test class: org.project.Seleniumtestngproject.Testclasstwo</td>
<td></td>
<td>6</td>
<td>org.project.Seleniumtestngproject.Testclasstwo@a530d0a</td></tr>
<tr>
<td title='org.project.Seleniumtestngproject.Testclassthree.uploadOperation()'><b>uploadOperation</b><br>Test class: org.project.Seleniumtestngproject.Testclassthree</td>
<td></td>
<td>4</td>
<td>org.project.Seleniumtestngproject.Testclassthree@4efc180e</td></tr>
<tr>
<td title='org.project.Seleniumtestngproject.Testclassone.screenShot()'><b>screenShot</b><br>Test class: org.project.Seleniumtestngproject.Testclassone</td>
<td></td>
<td>7</td>
<td>org.project.Seleniumtestngproject.Testclassone@1a18644</td></tr>
<tr>
<td title='org.project.Seleniumtestngproject.Testclasstwo.seleniumIframes()'><b>seleniumIframes</b><br>Test class: org.project.Seleniumtestngproject.Testclasstwo</td>
<td></td>
<td>5</td>
<td>org.project.Seleniumtestngproject.Testclasstwo@a530d0a</td></tr>
<tr>
<td title='org.project.Seleniumtestngproject.Testclassone.seleniumDropDown()'><b>seleniumDropDown</b><br>Test class: org.project.Seleniumtestngproject.Testclassone</td>
<td></td>
<td>9</td>
<td>org.project.Seleniumtestngproject.Testclassone@1a18644</td></tr>
<tr>
<td title='org.project.Seleniumtestngproject.Testclassthree.hyperLinks()'><b>hyperLinks</b><br>Test class: org.project.Seleniumtestngproject.Testclassthree</td>
<td></td>
<td>14</td>
<td>org.project.Seleniumtestngproject.Testclassthree@4efc180e</td></tr>
<tr>
<td title='org.project.Seleniumtestngproject.Testclasstwo.checkBox()'><b>checkBox</b><br>Test class: org.project.Seleniumtestngproject.Testclasstwo</td>
<td></td>
<td>9</td>
<td>org.project.Seleniumtestngproject.Testclasstwo@a530d0a</td></tr>
<tr>
<td title='org.project.Seleniumtestngproject.Testclassone.scrollaWebPage()'><b>scrollaWebPage</b><br>Test class: org.project.Seleniumtestngproject.Testclassone</td>
<td></td>
<td>6</td>
<td>org.project.Seleniumtestngproject.Testclassone@1a18644</td></tr>
<tr>
<td title='org.project.Seleniumtestngproject.Testclassthree.explicitWait()'><b>explicitWait</b><br>Test class: org.project.Seleniumtestngproject.Testclassthree</td>
<td></td>
<td>16</td>
<td>org.project.Seleniumtestngproject.Testclassthree@4efc180e</td></tr>
<tr>
<td title='org.project.Seleniumtestngproject.Testclasstwo.seleniumRadioButtons()'><b>seleniumRadioButtons</b><br>Test class: org.project.Seleniumtestngproject.Testclasstwo</td>
<td></td>
<td>5</td>
<td>org.project.Seleniumtestngproject.Testclasstwo@a530d0a</td></tr>
<tr>
<td title='org.project.Seleniumtestngproject.Testclassone.seleniumPromptAlerts()'><b>seleniumPromptAlerts</b><br>Test class: org.project.Seleniumtestngproject.Testclassone</td>
<td></td>
<td>8</td>
<td>org.project.Seleniumtestngproject.Testclassone@1a18644</td></tr>
<tr>
<td title='org.project.Seleniumtestngproject.Testclassone.waysToReloadWebPage()'><b>waysToReloadWebPage</b><br>Test class: org.project.Seleniumtestngproject.Testclassone</td>
<td></td>
<td>9</td>
<td>org.project.Seleniumtestngproject.Testclassone@1a18644</td></tr>
<tr>
<td title='org.project.Seleniumtestngproject.Testclasstwo.windowHandlesExercisetwo()'><b>windowHandlesExercisetwo</b><br>Test class: org.project.Seleniumtestngproject.Testclasstwo</td>
<td></td>
<td>10</td>
<td>org.project.Seleniumtestngproject.Testclasstwo@a530d0a</td></tr>
<tr>
<td title='org.project.Seleniumtestngproject.Testclasstwo.windowHandlesExercise()'><b>windowHandlesExercise</b><br>Test class: org.project.Seleniumtestngproject.Testclasstwo</td>
<td></td>
<td>12</td>
<td>org.project.Seleniumtestngproject.Testclasstwo@a530d0a</td></tr>
</table><p>
</body>
</html>